<?xml version="1.0" encoding="UTF-8"?>
<testsuite xmlns:xsi="http://www.w3.org/2001/XMLSchema-instance" xsi:noNamespaceSchemaLocation="https://maven.apache.org/surefire/maven-surefire-plugin/xsd/surefire-test-report.xsd" name="com.example.services.PhotoServiceTest" time="0.415" tests="16" errors="0" skipped="0" failures="0">
  <properties>
[...]
</properties>
  <testcase name="updatePhoto_Success" classname="com.example.services.PhotoServiceTest" time="0.356"/>
  <testcase name="ratePhoto_InvalidRating_ThrowsException" classname="com.example.services.PhotoServiceTest" time="0.002"/>
  <testcase name="ratePhoto_Success_NewRating" classname="com.example.services.PhotoServiceTest" time="0.005"/>
  <testcase name="approvePhoto_Success" classname="com.example.services.PhotoServiceTest" time="0.01"/>
  <testcase name="savePhoto_NullFile_ThrowsException" classname="com.example.services.PhotoServiceTest" time="0.002"/>
  <testcase name="ratePhoto_NullUser_ThrowsException" classname="com.example.services.PhotoServiceTest" time="0.002"/>
  <testcase name="approvePhoto_NonAdmin_ThrowsException" classname="com.example.services.PhotoServiceTest" time="0.002"/>
  <testcase name="savePhoto_Success" classname="com.example.services.PhotoServiceTest" time="0.004"/>
  <testcase name="getFilteredPhotos_Success" classname="com.example.services.PhotoServiceTest" time="0.002"/>
  <testcase name="deletePhoto_Unauthorized_ThrowsException" classname="com.example.services.PhotoServiceTest" time="0.001"/>
  <testcase name="updatePhoto_Unauthorized_ThrowsException" classname="com.example.services.PhotoServiceTest" time="0.001"/>
  <testcase name="savePhoto_FileTooLarge_ThrowsException" classname="com.example.services.PhotoServiceTest" time="0.002"/>
  <testcase name="deletePhoto_Success" classname="com.example.services.PhotoServiceTest" time="0.002"/>
  <testcase name="savePhoto_InvalidFileType_ThrowsException" classname="com.example.services.PhotoServiceTest" time="0.001"/>
  <testcase name="ratePhoto_UpdateExistingRating" classname="com.example.services.PhotoServiceTest" time="0.002"/>
  <testcase name="savePhoto_EmptyFile_ThrowsException" classname="com.example.services.PhotoServiceTest" time="0.003"/>
</testsuite>